# JRE version: OpenJDK Runtime Environment Temurin-17.0.13+11 (17.0.13+11) (build 17.0.13+11)
# Java VM: OpenJDK 64-Bit Server VM Temurin-17.0.13+11 (17.0.13+11, mixed mode, sharing, tiered, compressed oops, compressed class ptrs, g1 gc, windows-amd64)
GC Precious Log:
 CPUs: 8 total, 8 available
 Memory: 12083M
 Large Page Support: Disabled
 NUMA Support: Disabled
 Compressed Oops: Enabled (Zero based)
 Heap Region Size: 2M
 Heap Min Capacity: 8M
 Heap Initial Capacity: 190M
 Heap Max Capacity: 3022M
 Pre-touch: Disabled
 Parallel Workers: 8
 Concurrent Workers: 2
 Concurrent Refinement Workers: 8
 Periodic GC: Disabled
Heap:
 garbage-first heap   total 100352K, used 38450K [0x0000000743200000, 0x0000000800000000)
  region size 2048K, 1 young (2048K), 1 survivors (2048K)
 Metaspace       used 55313K, committed 55872K, reserved 1114112K
  class space    used 6735K, committed 7040K, reserved 1048576K
GC Heap History (20 events):
Event: 42.354 GC heap after
{Heap after GC invocations=42 (full 0):
 garbage-first heap   total 100352K, used 31350K [0x0000000743200000, 0x0000000800000000)
  region size 2048K, 1 young (2048K), 1 survivors (2048K)
 Metaspace       used 42558K, committed 43072K, reserved 1114112K
  class space    used 5159K, committed 5376K, reserved 1048576K
}
Event: 44.030 GC heap before
{Heap before GC invocations=42 (full 0):
 garbage-first heap   total 100352K, used 78454K [0x0000000743200000, 0x0000000800000000)
  region size 2048K, 25 young (51200K), 1 survivors (2048K)
 Metaspace       used 43128K, committed 43648K, reserved 1114112K
  class space    used 5215K, committed 5440K, reserved 1048576K
}
Event: 44.033 GC heap after
{Heap after GC invocations=43 (full 0):
 garbage-first heap   total 100352K, used 36263K [0x0000000743200000, 0x0000000800000000)
  region size 2048K, 4 young (8192K), 4 survivors (8192K)
 Metaspace       used 43128K, committed 43648K, reserved 1114112K
  class space    used 5215K, committed 5440K, reserved 1048576K
}
Event: 44.118 GC heap before
{Heap before GC invocations=43 (full 0):
 garbage-first heap   total 100352K, used 77223K [0x0000000743200000, 0x0000000800000000)
  region size 2048K, 24 young (49152K), 4 survivors (8192K)
 Metaspace       used 43129K, committed 43648K, reserved 1114112K
  class space    used 5215K, committed 5440K, reserved 1048576K
}
Event: 44.125 GC heap after
{Heap after GC invocations=44 (full 0):
 garbage-first heap   total 100352K, used 41804K [0x0000000743200000, 0x0000000800000000)
  region size 2048K, 3 young (6144K), 3 survivors (6144K)
 Metaspace       used 43129K, committed 43648K, reserved 1114112K
  class space    used 5215K, committed 5440K, reserved 1048576K
}
Event: 44.145 GC heap before
{Heap before GC invocations=44 (full 0):
 garbage-first heap   total 100352K, used 76620K [0x0000000743200000, 0x0000000800000000)
  region size 2048K, 20 young (40960K), 3 survivors (6144K)
 Metaspace       used 43129K, committed 43648K, reserved 1114112K
  class space    used 5215K, committed 5440K, reserved 1048576K
}
Event: 44.152 GC heap after
{Heap after GC invocations=45 (full 0):
 garbage-first heap   total 100352K, used 44559K [0x0000000743200000, 0x0000000800000000)
  region size 2048K, 2 young (4096K), 2 survivors (4096K)
 Metaspace       used 43129K, committed 43648K, reserved 1114112K
  class space    used 5215K, committed 5440K, reserved 1048576K
}
Event: 44.334 GC heap before
{Heap before GC invocations=45 (full 0):
 garbage-first heap   total 100352K, used 77327K [0x0000000743200000, 0x0000000800000000)
  region size 2048K, 18 young (36864K), 2 survivors (4096K)
 Metaspace       used 45138K, committed 45632K, reserved 1114112K
  class space    used 5405K, committed 5632K, reserved 1048576K
}
Event: 44.336 GC heap after
{Heap after GC invocations=46 (full 0):
 garbage-first heap   total 100352K, used 44741K [0x0000000743200000, 0x0000000800000000)
  region size 2048K, 2 young (4096K), 2 survivors (4096K)
 Metaspace       used 45138K, committed 45632K, reserved 1114112K
  class space    used 5405K, committed 5632K, reserved 1048576K
}
Event: 44.955 GC heap before
{Heap before GC invocations=46 (full 0):
 garbage-first heap   total 100352K, used 79557K [0x0000000743200000, 0x0000000800000000)
  region size 2048K, 19 young (38912K), 2 survivors (4096K)
 Metaspace       used 49421K, committed 49984K, reserved 1114112K
  class space    used 6040K, committed 6336K, reserved 1048576K
}
Event: 44.958 GC heap after
{Heap after GC invocations=47 (full 0):
 garbage-first heap   total 100352K, used 46941K [0x0000000743200000, 0x0000000800000000)
  region size 2048K, 3 young (6144K), 3 survivors (6144K)
 Metaspace       used 49421K, committed 49984K, reserved 1114112K
  class space    used 6040K, committed 6336K, reserved 1048576K
}
Event: 45.108 GC heap before
{Heap before GC invocations=47 (full 0):
 garbage-first heap   total 100352K, used 81757K [0x0000000743200000, 0x0000000800000000)
  region size 2048K, 19 young (38912K), 3 survivors (6144K)
 Metaspace       used 49520K, committed 50112K, reserved 1114112K
  class space    used 6041K, committed 6336K, reserved 1048576K
}
Event: 45.112 GC heap after
{Heap after GC invocations=48 (full 0):
 garbage-first heap   total 100352K, used 51870K [0x0000000743200000, 0x0000000800000000)
  region size 2048K, 3 young (6144K), 3 survivors (6144K)
 Metaspace       used 49520K, committed 50112K, reserved 1114112K
  class space    used 6041K, committed 6336K, reserved 1048576K
}
Event: 46.073 GC heap before
{Heap before GC invocations=48 (full 0):
 garbage-first heap   total 100352K, used 76446K [0x0000000743200000, 0x0000000800000000)
  region size 2048K, 16 young (32768K), 3 survivors (6144K)
 Metaspace       used 53872K, committed 54464K, reserved 1114112K
  class space    used 6561K, committed 6848K, reserved 1048576K
}
Event: 46.075 GC heap after
{Heap after GC invocations=49 (full 0):
 garbage-first heap   total 100352K, used 50042K [0x0000000743200000, 0x0000000800000000)
  region size 2048K, 1 young (2048K), 1 survivors (2048K)
 Metaspace       used 53872K, committed 54464K, reserved 1114112K
  class space    used 6561K, committed 6848K, reserved 1048576K
}
Event: 46.572 GC heap before
{Heap before GC invocations=50 (full 0):
 garbage-first heap   total 100352K, used 70522K [0x0000000743200000, 0x0000000800000000)
  region size 2048K, 15 young (30720K), 1 survivors (2048K)
 Metaspace       used 54579K, committed 55168K, reserved 1114112K
  class space    used 6644K, committed 6912K, reserved 1048576K
}
Event: 46.574 GC heap after
{Heap after GC invocations=51 (full 0):
 garbage-first heap   total 100352K, used 44194K [0x0000000743200000, 0x0000000800000000)
  region size 2048K, 1 young (2048K), 1 survivors (2048K)
 Metaspace       used 54579K, committed 55168K, reserved 1114112K
  class space    used 6644K, committed 6912K, reserved 1048576K
}
Event: 46.588 GC heap before
{Heap before GC invocations=51 (full 0):
 garbage-first heap   total 100352K, used 46242K [0x0000000743200000, 0x0000000800000000)
  region size 2048K, 2 young (4096K), 1 survivors (2048K)
 Metaspace       used 54583K, committed 55168K, reserved 1114112K
  class space    used 6644K, committed 6912K, reserved 1048576K
}
Event: 46.589 GC heap after
{Heap after GC invocations=52 (full 0):
 garbage-first heap   total 100352K, used 38422K [0x0000000743200000, 0x0000000800000000)
  region size 2048K, 1 young (2048K), 1 survivors (2048K)
 Metaspace       used 54583K, committed 55168K, reserved 1114112K
  class space    used 6644K, committed 6912K, reserved 1048576K
}
Event: 46.998 GC heap before
{Heap before GC invocations=52 (full 0):
 garbage-first heap   total 100352K, used 77334K [0x0000000743200000, 0x0000000800000000)
  region size 2048K, 20 young (40960K), 1 survivors (2048K)
 Metaspace       used 55313K, committed 55872K, reserved 1114112K
  class space    used 6735K, committed 7040K, reserved 1048576K
}

